# JRE version: 7.0_05-b05
# Java VM: Java HotSpot(TM) 64-Bit Server VM (23.1-b03 mixed mode windows-amd64 compressed oops)
Heap
 PSYoungGen      total 37696K, used 12053K [0x00000000d5eb0000, 0x00000000d88c0000, 0x0000000000000000)
  eden space 32320K, 30% used [0x00000000d5eb0000,0x00000000d6832580,0x00000000d7e40000)
  from space 5376K, 43% used [0x00000000d8380000,0x00000000d85c2ec0,0x00000000d88c0000)
  to   space 5376K, 0% used [0x00000000d7e40000,0x00000000d7e40000,0x00000000d8380000)
 ParOldGen       total 86144K, used 16K [0x0000000081c00000, 0x0000000087020000, 0x00000000d5eb0000)
  object space 86144K, 0% used [0x0000000081c00000,0x0000000081c04000,0x0000000087020000)
 PSPermGen       total 21248K, used 7256K [0x000000007ca00000, 0x000000007dec0000, 0x0000000081c00000)
  object space 21248K, 34% used [0x000000007ca00000,0x000000007d116070,0x000000007dec0000)
GC Heap History (4 events):
Event: 1.251 GC heap before
{Heap before GC invocations=1 (full 0):
 PSYoungGen      total 37696K, used 32320K [0x00000000d5eb0000, 0x00000000d88c0000, 0x0000000000000000)
  eden space 32320K, 100% used [0x00000000d5eb0000,0x00000000d7e40000,0x00000000d7e40000)
  from space 5376K, 0% used [0x00000000d8380000,0x00000000d8380000,0x00000000d88c0000)
  to   space 5376K, 0% used [0x00000000d7e40000,0x00000000d7e40000,0x00000000d8380000)
 ParOldGen       total 86144K, used 0K [0x0000000081c00000, 0x0000000087020000, 0x00000000d5eb0000)
  object space 86144K, 0% used [0x0000000081c00000,0x0000000081c00000,0x0000000087020000)
 PSPermGen       total 21248K, used 6176K [0x000000007ca00000, 0x000000007dec0000, 0x0000000081c00000)
  object space 21248K, 29% used [0x000000007ca00000,0x000000007d0083d0,0x000000007dec0000)
Event: 1.256 GC heap after
Heap after GC invocations=1 (full 0):
 PSYoungGen      total 37696K, used 3089K [0x00000000d5eb0000, 0x00000000d88c0000, 0x0000000000000000)
  eden space 32320K, 0% used [0x00000000d5eb0000,0x00000000d5eb0000,0x00000000d7e40000)
  from space 5376K, 57% used [0x00000000d7e40000,0x00000000d8144470,0x00000000d8380000)
  to   space 5376K, 0% used [0x00000000d8380000,0x00000000d8380000,0x00000000d88c0000)
 ParOldGen       total 86144K, used 8K [0x0000000081c00000, 0x0000000087020000, 0x00000000d5eb0000)
  object space 86144K, 0% used [0x0000000081c00000,0x0000000081c02000,0x0000000087020000)
 PSPermGen       total 21248K, used 6176K [0x000000007ca00000, 0x000000007dec0000, 0x0000000081c00000)
  object space 21248K, 29% used [0x000000007ca00000,0x000000007d0083d0,0x000000007dec0000)
}
Event: 2.172 GC heap before
{Heap before GC invocations=2 (full 0):
 PSYoungGen      total 37696K, used 35409K [0x00000000d5eb0000, 0x00000000d88c0000, 0x0000000000000000)
  eden space 32320K, 100% used [0x00000000d5eb0000,0x00000000d7e40000,0x00000000d7e40000)
  from space 5376K, 57% used [0x00000000d7e40000,0x00000000d8144470,0x00000000d8380000)
  to   space 5376K, 0% used [0x00000000d8380000,0x00000000d8380000,0x00000000d88c0000)
 ParOldGen       total 86144K, used 8K [0x0000000081c00000, 0x0000000087020000, 0x00000000d5eb0000)
  object space 86144K, 0% used [0x0000000081c00000,0x0000000081c02000,0x0000000087020000)
 PSPermGen       total 21248K, used 6814K [0x000000007ca00000, 0x000000007dec0000, 0x0000000081c00000)
  object space 21248K, 32% used [0x000000007ca00000,0x000000007d0a7a70,0x000000007dec0000)
Event: 2.176 GC heap after
Heap after GC invocations=2 (full 0):
 PSYoungGen      total 37696K, used 2315K [0x00000000d5eb0000, 0x00000000d88c0000, 0x0000000000000000)
  eden space 32320K, 0% used [0x00000000d5eb0000,0x00000000d5eb0000,0x00000000d7e40000)
  from space 5376K, 43% used [0x00000000d8380000,0x00000000d85c2ec0,0x00000000d88c0000)
  to   space 5376K, 0% used [0x00000000d7e40000,0x00000000d7e40000,0x00000000d8380000)
 ParOldGen       total 86144K, used 16K [0x0000000081c00000, 0x0000000087020000, 0x00000000d5eb0000)
  object space 86144K, 0% used [0x0000000081c00000,0x0000000081c04000,0x0000000087020000)
 PSPermGen       total 21248K, used 6814K [0x000000007ca00000, 0x000000007dec0000, 0x0000000081c00000)
  object space 21248K, 32% used [0x000000007ca00000,0x000000007d0a7a70,0x000000007dec0000)
}

